# JRE version: Java(TM) SE Runtime Environment (8.0_191-b12) (build 1.8.0_191-b12)
# Java VM: Java HotSpot(TM) 64-Bit Server VM (25.191-b12 mixed mode windows-amd64 compressed oops)
Heap:
 PSYoungGen      total 37888K, used 19327K [0x00000000d6180000, 0x00000000dac00000, 0x0000000100000000)
  eden space 32768K, 49% used [0x00000000d6180000,0x00000000d714aeb0,0x00000000d8180000)
  from space 5120K, 61% used [0x00000000d8180000,0x00000000d8494fc0,0x00000000d8680000)
  to   space 9728K, 0% used [0x00000000da280000,0x00000000da280000,0x00000000dac00000)
 ParOldGen       total 51200K, used 7352K [0x0000000082400000, 0x0000000085600000, 0x00000000d6180000)
  object space 51200K, 14% used [0x0000000082400000,0x0000000082b2e2a8,0x0000000085600000)
 Metaspace       used 24278K, capacity 24934K, committed 25088K, reserved 1071104K
  class space    used 3109K, capacity 3284K, committed 3328K, reserved 1048576K
GC Heap History (10 events):
Event: 4.634 GC heap before
{Heap before GC invocations=4 (full 0):
 PSYoungGen      total 37888K, used 37886K [0x00000000d6180000, 0x00000000d8b80000, 0x0000000100000000)
  eden space 32768K, 100% used [0x00000000d6180000,0x00000000d8180000,0x00000000d8180000)
  from space 5120K, 99% used [0x00000000d8180000,0x00000000d867fb38,0x00000000d8680000)
  to   space 5120K, 0% used [0x00000000d8680000,0x00000000d8680000,0x00000000d8b80000)
 ParOldGen       total 86016K, used 927K [0x0000000082400000, 0x0000000087800000, 0x00000000d6180000)
  object space 86016K, 1% used [0x0000000082400000,0x00000000824e7ec8,0x0000000087800000)
 Metaspace       used 18257K, capacity 18778K, committed 18944K, reserved 1064960K
  class space    used 2355K, capacity 2502K, committed 2560K, reserved 1048576K
Event: 4.639 GC heap after
Heap after GC invocations=4 (full 0):
 PSYoungGen      total 37888K, used 5104K [0x00000000d6180000, 0x00000000d8b80000, 0x0000000100000000)
  eden space 32768K, 0% used [0x00000000d6180000,0x00000000d6180000,0x00000000d8180000)
  from space 5120K, 99% used [0x00000000d8680000,0x00000000d8b7c1d8,0x00000000d8b80000)
  to   space 5120K, 0% used [0x00000000d8180000,0x00000000d8180000,0x00000000d8680000)
 ParOldGen       total 86016K, used 2991K [0x0000000082400000, 0x0000000087800000, 0x00000000d6180000)
  object space 86016K, 3% used [0x0000000082400000,0x00000000826ebfd8,0x0000000087800000)
 Metaspace       used 18257K, capacity 18778K, committed 18944K, reserved 1064960K
  class space    used 2355K, capacity 2502K, committed 2560K, reserved 1048576K
}
Event: 4.914 GC heap before
{Heap before GC invocations=5 (full 0):
 PSYoungGen      total 37888K, used 37872K [0x00000000d6180000, 0x00000000d8b80000, 0x0000000100000000)
  eden space 32768K, 100% used [0x00000000d6180000,0x00000000d8180000,0x00000000d8180000)
  from space 5120K, 99% used [0x00000000d8680000,0x00000000d8b7c1d8,0x00000000d8b80000)
  to   space 5120K, 0% used [0x00000000d8180000,0x00000000d8180000,0x00000000d8680000)
 ParOldGen       total 86016K, used 2991K [0x0000000082400000, 0x0000000087800000, 0x00000000d6180000)
  object space 86016K, 3% used [0x0000000082400000,0x00000000826ebfd8,0x0000000087800000)
 Metaspace       used 19919K, capacity 20414K, committed 20608K, reserved 1067008K
  class space    used 2516K, capacity 2662K, committed 2688K, reserved 1048576K
Event: 4.920 GC heap after
Heap after GC invocations=5 (full 0):
 PSYoungGen      total 37376K, used 5104K [0x00000000d6180000, 0x00000000d9300000, 0x0000000100000000)
  eden space 32256K, 0% used [0x00000000d6180000,0x00000000d6180000,0x00000000d8100000)
  from space 5120K, 99% used [0x00000000d8180000,0x00000000d867c010,0x00000000d8680000)
  to   space 9216K, 0% used [0x00000000d8a00000,0x00000000d8a00000,0x00000000d9300000)
 ParOldGen       total 86016K, used 6126K [0x0000000082400000, 0x0000000087800000, 0x00000000d6180000)
  object space 86016K, 7% used [0x0000000082400000,0x00000000829fb9a8,0x0000000087800000)
 Metaspace       used 19919K, capacity 20414K, committed 20608K, reserved 1067008K
  class space    used 2516K, capacity 2662K, committed 2688K, reserved 1048576K
}
Event: 5.023 GC heap before
{Heap before GC invocations=6 (full 0):
 PSYoungGen      total 37376K, used 23729K [0x00000000d6180000, 0x00000000d9300000, 0x0000000100000000)
  eden space 32256K, 57% used [0x00000000d6180000,0x00000000d73b0608,0x00000000d8100000)
  from space 5120K, 99% used [0x00000000d8180000,0x00000000d867c010,0x00000000d8680000)
  to   space 9216K, 0% used [0x00000000d8a00000,0x00000000d8a00000,0x00000000d9300000)
 ParOldGen       total 86016K, used 6126K [0x0000000082400000, 0x0000000087800000, 0x00000000d6180000)
  object space 86016K, 7% used [0x0000000082400000,0x00000000829fb9a8,0x0000000087800000)
 Metaspace       used 20663K, capacity 21136K, committed 21248K, reserved 1067008K
  class space    used 2628K, capacity 2773K, committed 2816K, reserved 1048576K
Event: 5.029 GC heap after
Heap after GC invocations=6 (full 0):
 PSYoungGen      total 41472K, used 7282K [0x00000000d6180000, 0x00000000d9300000, 0x0000000100000000)
  eden space 32256K, 0% used [0x00000000d6180000,0x00000000d6180000,0x00000000d8100000)
  from space 9216K, 79% used [0x00000000d8a00000,0x00000000d911c858,0x00000000d9300000)
  to   space 5120K, 0% used [0x00000000d8180000,0x00000000d8180000,0x00000000d8680000)
 ParOldGen       total 86016K, used 6134K [0x0000000082400000, 0x0000000087800000, 0x00000000d6180000)
  object space 86016K, 7% used [0x0000000082400000,0x00000000829fd9a8,0x0000000087800000)
 Metaspace       used 20663K, capacity 21136K, committed 21248K, reserved 1067008K
  class space    used 2628K, capacity 2773K, committed 2816K, reserved 1048576K
}
Event: 5.029 GC heap before
{Heap before GC invocations=7 (full 1):
 PSYoungGen      total 41472K, used 7282K [0x00000000d6180000, 0x00000000d9300000, 0x0000000100000000)
  eden space 32256K, 0% used [0x00000000d6180000,0x00000000d6180000,0x00000000d8100000)
  from space 9216K, 79% used [0x00000000d8a00000,0x00000000d911c858,0x00000000d9300000)
  to   space 5120K, 0% used [0x00000000d8180000,0x00000000d8180000,0x00000000d8680000)
 ParOldGen       total 86016K, used 6134K [0x0000000082400000, 0x0000000087800000, 0x00000000d6180000)
  object space 86016K, 7% used [0x0000000082400000,0x00000000829fd9a8,0x0000000087800000)
 Metaspace       used 20663K, capacity 21136K, committed 21248K, reserved 1067008K
  class space    used 2628K, capacity 2773K, committed 2816K, reserved 1048576K
Event: 5.052 GC heap after
Heap after GC invocations=7 (full 1):
 PSYoungGen      total 41472K, used 0K [0x00000000d6180000, 0x00000000d9300000, 0x0000000100000000)
  eden space 32256K, 0% used [0x00000000d6180000,0x00000000d6180000,0x00000000d8100000)
  from space 9216K, 0% used [0x00000000d8a00000,0x00000000d8a00000,0x00000000d9300000)
  to   space 5120K, 0% used [0x00000000d8180000,0x00000000d8180000,0x00000000d8680000)
 ParOldGen       total 51200K, used 7344K [0x0000000082400000, 0x0000000085600000, 0x00000000d6180000)
  object space 51200K, 14% used [0x0000000082400000,0x0000000082b2c2a8,0x0000000085600000)
 Metaspace       used 20661K, capacity 21130K, committed 21248K, reserved 1067008K
  class space    used 2627K, capacity 2772K, committed 2816K, reserved 1048576K
}
Event: 5.681 GC heap before
{Heap before GC invocations=8 (full 1):
 PSYoungGen      total 41472K, used 32256K [0x00000000d6180000, 0x00000000d9300000, 0x0000000100000000)
  eden space 32256K, 100% used [0x00000000d6180000,0x00000000d8100000,0x00000000d8100000)
  from space 9216K, 0% used [0x00000000d8a00000,0x00000000d8a00000,0x00000000d9300000)
  to   space 5120K, 0% used [0x00000000d8180000,0x00000000d8180000,0x00000000d8680000)
 ParOldGen       total 51200K, used 7344K [0x0000000082400000, 0x0000000085600000, 0x00000000d6180000)
  object space 51200K, 14% used [0x0000000082400000,0x0000000082b2c2a8,0x0000000085600000)
 Metaspace       used 23256K, capacity 23876K, committed 23936K, reserved 1071104K
  class space    used 2963K, capacity 3149K, committed 3200K, reserved 1048576K
Event: 5.684 GC heap after
Heap after GC invocations=8 (full 1):
 PSYoungGen      total 37888K, used 3155K [0x00000000d6180000, 0x00000000dac00000, 0x0000000100000000)
  eden space 32768K, 0% used [0x00000000d6180000,0x00000000d6180000,0x00000000d8180000)
  from space 5120K, 61% used [0x00000000d8180000,0x00000000d8494fc0,0x00000000d8680000)
  to   space 9728K, 0% used [0x00000000da280000,0x00000000da280000,0x00000000dac00000)
 ParOldGen       total 51200K, used 7352K [0x0000000082400000, 0x0000000085600000, 0x00000000d6180000)
  object space 51200K, 14% used [0x0000000082400000,0x0000000082b2e2a8,0x0000000085600000)
 Metaspace       used 23256K, capacity 23876K, committed 23936K, reserved 1071104K
  class space    used 2963K, capacity 3149K, committed 3200K, reserved 1048576K
}

