# JRE version: Java(TM) SE Runtime Environment (8.0_191-b12) (build 1.8.0_191-b12)
# Java VM: Java HotSpot(TM) 64-Bit Server VM (25.191-b12 mixed mode windows-amd64 compressed oops)
Heap:
 PSYoungGen      total 156160K, used 97328K [0x00000000f5580000, 0x0000000100000000, 0x0000000100000000)
  eden space 141824K, 59% used [0x00000000f5580000,0x00000000fa7d6bd8,0x00000000fe000000)
  from space 14336K, 90% used [0x00000000fe000000,0x00000000fecb5538,0x00000000fee00000)
  to   space 15360K, 0% used [0x00000000ff100000,0x00000000ff100000,0x0000000100000000)
 ParOldGen       total 175104K, used 15514K [0x00000000e0000000, 0x00000000eab00000, 0x00000000f5580000)
  object space 175104K, 8% used [0x00000000e0000000,0x00000000e0f26a60,0x00000000eab00000)
 Metaspace       used 41023K, capacity 41998K, committed 42240K, reserved 1085440K
  class space    used 5862K, capacity 6125K, committed 6144K, reserved 1048576K
GC Heap History (10 events):
Event: 2.091 GC heap before
{Heap before GC invocations=5 (full 1):
 PSYoungGen      total 76288K, used 65536K [0x00000000f5580000, 0x00000000fea80000, 0x0000000100000000)
  eden space 65536K, 100% used [0x00000000f5580000,0x00000000f9580000,0x00000000f9580000)
  from space 10752K, 0% used [0x00000000f9580000,0x00000000f9580000,0x00000000fa000000)
  to   space 10752K, 0% used [0x00000000fe000000,0x00000000fe000000,0x00000000fea80000)
 ParOldGen       total 175104K, used 11038K [0x00000000e0000000, 0x00000000eab00000, 0x00000000f5580000)
  object space 175104K, 6% used [0x00000000e0000000,0x00000000e0ac78b8,0x00000000eab00000)
 Metaspace       used 27029K, capacity 27518K, committed 27776K, reserved 1073152K
  class space    used 3797K, capacity 3951K, committed 3968K, reserved 1048576K
Event: 2.097 GC heap after
Heap after GC invocations=5 (full 1):
 PSYoungGen      total 103936K, used 7403K [0x00000000f5580000, 0x00000000fe780000, 0x0000000100000000)
  eden space 96256K, 0% used [0x00000000f5580000,0x00000000f5580000,0x00000000fb380000)
  from space 7680K, 96% used [0x00000000fe000000,0x00000000fe73ad00,0x00000000fe780000)
  to   space 10752K, 0% used [0x00000000fd280000,0x00000000fd280000,0x00000000fdd00000)
 ParOldGen       total 175104K, used 11046K [0x00000000e0000000, 0x00000000eab00000, 0x00000000f5580000)
  object space 175104K, 6% used [0x00000000e0000000,0x00000000e0ac98b8,0x00000000eab00000)
 Metaspace       used 27029K, capacity 27518K, committed 27776K, reserved 1073152K
  class space    used 3797K, capacity 3951K, committed 3968K, reserved 1048576K
}
Event: 2.794 GC heap before
{Heap before GC invocations=6 (full 1):
 PSYoungGen      total 103936K, used 103659K [0x00000000f5580000, 0x00000000fe780000, 0x0000000100000000)
  eden space 96256K, 100% used [0x00000000f5580000,0x00000000fb380000,0x00000000fb380000)
  from space 7680K, 96% used [0x00000000fe000000,0x00000000fe73ad00,0x00000000fe780000)
  to   space 10752K, 0% used [0x00000000fd280000,0x00000000fd280000,0x00000000fdd00000)
 ParOldGen       total 175104K, used 11046K [0x00000000e0000000, 0x00000000eab00000, 0x00000000f5580000)
  object space 175104K, 6% used [0x00000000e0000000,0x00000000e0ac98b8,0x00000000eab00000)
 Metaspace       used 33395K, capacity 33964K, committed 34432K, reserved 1079296K
  class space    used 4739K, capacity 4915K, committed 4992K, reserved 1048576K
Event: 2.802 GC heap after
Heap after GC invocations=6 (full 1):
 PSYoungGen      total 138752K, used 10724K [0x00000000f5580000, 0x00000000ffc80000, 0x0000000100000000)
  eden space 128000K, 0% used [0x00000000f5580000,0x00000000f5580000,0x00000000fd280000)
  from space 10752K, 99% used [0x00000000fd280000,0x00000000fdcf93c0,0x00000000fdd00000)
  to   space 14848K, 0% used [0x00000000fee00000,0x00000000fee00000,0x00000000ffc80000)
 ParOldGen       total 175104K, used 13049K [0x00000000e0000000, 0x00000000eab00000, 0x00000000f5580000)
  object space 175104K, 7% used [0x00000000e0000000,0x00000000e0cbe798,0x00000000eab00000)
 Metaspace       used 33395K, capacity 33964K, committed 34432K, reserved 1079296K
  class space    used 4739K, capacity 4915K, committed 4992K, reserved 1048576K
}
Event: 2.934 GC heap before
{Heap before GC invocations=7 (full 1):
 PSYoungGen      total 138752K, used 30735K [0x00000000f5580000, 0x00000000ffc80000, 0x0000000100000000)
  eden space 128000K, 15% used [0x00000000f5580000,0x00000000f690ab08,0x00000000fd280000)
  from space 10752K, 99% used [0x00000000fd280000,0x00000000fdcf93c0,0x00000000fdd00000)
  to   space 14848K, 0% used [0x00000000fee00000,0x00000000fee00000,0x00000000ffc80000)
 ParOldGen       total 175104K, used 13049K [0x00000000e0000000, 0x00000000eab00000, 0x00000000f5580000)
  object space 175104K, 7% used [0x00000000e0000000,0x00000000e0cbe798,0x00000000eab00000)
 Metaspace       used 34571K, capacity 35310K, committed 35456K, reserved 1079296K
  class space    used 4963K, capacity 5186K, committed 5248K, reserved 1048576K
Event: 2.942 GC heap after
Heap after GC invocations=7 (full 1):
 PSYoungGen      total 156672K, used 8198K [0x00000000f5580000, 0x0000000100000000, 0x0000000100000000)
  eden space 141824K, 0% used [0x00000000f5580000,0x00000000f5580000,0x00000000fe000000)
  from space 14848K, 55% used [0x00000000fee00000,0x00000000ff601b60,0x00000000ffc80000)
  to   space 14336K, 0% used [0x00000000fe000000,0x00000000fe000000,0x00000000fee00000)
 ParOldGen       total 175104K, used 13049K [0x00000000e0000000, 0x00000000eab00000, 0x00000000f5580000)
  object space 175104K, 7% used [0x00000000e0000000,0x00000000e0cbe798,0x00000000eab00000)
 Metaspace       used 34571K, capacity 35310K, committed 35456K, reserved 1079296K
  class space    used 4963K, capacity 5186K, committed 5248K, reserved 1048576K
}
Event: 2.942 GC heap before
{Heap before GC invocations=8 (full 2):
 PSYoungGen      total 156672K, used 8198K [0x00000000f5580000, 0x0000000100000000, 0x0000000100000000)
  eden space 141824K, 0% used [0x00000000f5580000,0x00000000f5580000,0x00000000fe000000)
  from space 14848K, 55% used [0x00000000fee00000,0x00000000ff601b60,0x00000000ffc80000)
  to   space 14336K, 0% used [0x00000000fe000000,0x00000000fe000000,0x00000000fee00000)
 ParOldGen       total 175104K, used 13049K [0x00000000e0000000, 0x00000000eab00000, 0x00000000f5580000)
  object space 175104K, 7% used [0x00000000e0000000,0x00000000e0cbe798,0x00000000eab00000)
 Metaspace       used 34571K, capacity 35310K, committed 35456K, reserved 1079296K
  class space    used 4963K, capacity 5186K, committed 5248K, reserved 1048576K
Event: 2.976 GC heap after
Heap after GC invocations=8 (full 2):
 PSYoungGen      total 156672K, used 0K [0x00000000f5580000, 0x0000000100000000, 0x0000000100000000)
  eden space 141824K, 0% used [0x00000000f5580000,0x00000000f5580000,0x00000000fe000000)
  from space 14848K, 0% used [0x00000000fee00000,0x00000000fee00000,0x00000000ffc80000)
  to   space 14336K, 0% used [0x00000000fe000000,0x00000000fe000000,0x00000000fee00000)
 ParOldGen       total 175104K, used 15506K [0x00000000e0000000, 0x00000000eab00000, 0x00000000f5580000)
  object space 175104K, 8% used [0x00000000e0000000,0x00000000e0f24a60,0x00000000eab00000)
 Metaspace       used 34544K, capacity 35220K, committed 35456K, reserved 1079296K
  class space    used 4955K, capacity 5171K, committed 5248K, reserved 1048576K
}
Event: 3.749 GC heap before
{Heap before GC invocations=9 (full 2):
 PSYoungGen      total 156672K, used 141824K [0x00000000f5580000, 0x0000000100000000, 0x0000000100000000)
  eden space 141824K, 100% used [0x00000000f5580000,0x00000000fe000000,0x00000000fe000000)
  from space 14848K, 0% used [0x00000000fee00000,0x00000000fee00000,0x00000000ffc80000)
  to   space 14336K, 0% used [0x00000000fe000000,0x00000000fe000000,0x00000000fee00000)
 ParOldGen       total 175104K, used 15506K [0x00000000e0000000, 0x00000000eab00000, 0x00000000f5580000)
  object space 175104K, 8% used [0x00000000e0000000,0x00000000e0f24a60,0x00000000eab00000)
 Metaspace       used 40419K, capacity 41308K, committed 41728K, reserved 1085440K
  class space    used 5785K, capacity 6038K, committed 6144K, reserved 1048576K
Event: 3.758 GC heap after
Heap after GC invocations=9 (full 2):
 PSYoungGen      total 156160K, used 13013K [0x00000000f5580000, 0x0000000100000000, 0x0000000100000000)
  eden space 141824K, 0% used [0x00000000f5580000,0x00000000f5580000,0x00000000fe000000)
  from space 14336K, 90% used [0x00000000fe000000,0x00000000fecb5538,0x00000000fee00000)
  to   space 15360K, 0% used [0x00000000ff100000,0x00000000ff100000,0x0000000100000000)
 ParOldGen       total 175104K, used 15514K [0x00000000e0000000, 0x00000000eab00000, 0x00000000f5580000)
  object space 175104K, 8% used [0x00000000e0000000,0x00000000e0f26a60,0x00000000eab00000)
 Metaspace       used 40419K, capacity 41308K, committed 41728K, reserved 1085440K
  class space    used 5785K, capacity 6038K, committed 6144K, reserved 1048576K
}

